2023-05-18T20:56:21.389+03:00  INFO 16684 --- [main] c.e.C.CrudMvcSpringBootApplication       : Starting CrudMvcSpringBootApplication using Java 20.0.1 with PID 16684 (C:\Users\Fomich\IdeaProjects\CrudMvcSpringBoot\target\classes started by Fomich in C:\Users\Fomich\IdeaProjects\CrudMvcSpringBoot)
2023-05-18T20:56:21.392+03:00  INFO 16684 --- [main] c.e.C.CrudMvcSpringBootApplication       : No active profile set, falling back to 1 default profile: "default"
2023-05-18T20:56:22.093+03:00  INFO 16684 --- [main] .s.d.r.c.RepositoryConfigurationDelegate : Bootstrapping Spring Data JPA repositories in DEFAULT mode.
2023-05-18T20:56:22.117+03:00  INFO 16684 --- [main] .s.d.r.c.RepositoryConfigurationDelegate : Finished Spring Data repository scanning in 15 ms. Found 0 JPA repository interfaces.
2023-05-18T20:56:22.705+03:00  INFO 16684 --- [main] o.s.b.w.embedded.tomcat.TomcatWebServer  : Tomcat initialized with port(s): 8080 (http)
2023-05-18T20:56:22.718+03:00  INFO 16684 --- [main] o.apache.catalina.core.StandardService   : Starting service [Tomcat]
2023-05-18T20:56:22.718+03:00  INFO 16684 --- [main] o.apache.catalina.core.StandardEngine    : Starting Servlet engine: [Apache Tomcat/10.1.8]
2023-05-18T20:56:22.825+03:00  INFO 16684 --- [main] o.a.c.c.C.[Tomcat].[localhost].[/]       : Initializing Spring embedded WebApplicationContext
2023-05-18T20:56:22.826+03:00  INFO 16684 --- [main] w.s.c.ServletWebServerApplicationContext : Root WebApplicationContext: initialization completed in 1386 ms
2023-05-18T20:56:23.013+03:00  INFO 16684 --- [main] o.hibernate.jpa.internal.util.LogHelper  : HHH000204: Processing PersistenceUnitInfo [name: default]
2023-05-18T20:56:23.062+03:00  INFO 16684 --- [main] org.hibernate.Version                    : HHH000412: Hibernate ORM core version 6.1.7.Final
2023-05-18T20:56:23.393+03:00  INFO 16684 --- [main] com.zaxxer.hikari.HikariDataSource       : HikariPool-1 - Starting...
2023-05-18T20:56:23.776+03:00  INFO 16684 --- [main] com.zaxxer.hikari.pool.HikariPool        : HikariPool-1 - Added connection com.mysql.cj.jdbc.ConnectionImpl@537ca28e
2023-05-18T20:56:23.779+03:00  INFO 16684 --- [main] com.zaxxer.hikari.HikariDataSource       : HikariPool-1 - Start completed.
2023-05-18T20:56:23.832+03:00  INFO 16684 --- [main] SQL dialect                              : HHH000400: Using dialect: org.hibernate.dialect.MySQLDialect
2023-05-18T20:56:24.671+03:00  INFO 16684 --- [main] o.h.e.t.j.p.i.JtaPlatformInitiator       : HHH000490: Using JtaPlatform implementation: [org.hibernate.engine.transaction.jta.platform.internal.NoJtaPlatform]
2023-05-18T20:56:24.681+03:00  INFO 16684 --- [main] j.LocalContainerEntityManagerFactoryBean : Initialized JPA EntityManagerFactory for persistence unit 'default'
2023-05-18T20:56:25.225+03:00  INFO 16684 --- [main] o.s.b.w.embedded.tomcat.TomcatWebServer  : Tomcat started on port(s): 8080 (http) with context path ''
2023-05-18T20:56:25.235+03:00  INFO 16684 --- [main] c.e.C.CrudMvcSpringBootApplication       : Started CrudMvcSpringBootApplication in 4.36 seconds (process running for 5.335)
2023-05-18T20:56:47.066+03:00  INFO 16684 --- [http-nio-8080-exec-1] o.a.c.c.C.[Tomcat].[localhost].[/]       : Initializing Spring DispatcherServlet 'dispatcherServlet'
2023-05-18T20:56:47.067+03:00  INFO 16684 --- [http-nio-8080-exec-1] o.s.web.servlet.DispatcherServlet        : Initializing Servlet 'dispatcherServlet'
2023-05-18T20:56:47.068+03:00  INFO 16684 --- [http-nio-8080-exec-1] o.s.web.servlet.DispatcherServlet        : Completed initialization in 1 ms
2023-05-18T20:56:55.832+03:00  WARN 16684 --- [http-nio-8080-exec-4] .w.s.m.s.DefaultHandlerExceptionResolver : Resolved [org.springframework.web.HttpRequestMethodNotSupportedException: Request method 'POST' is not supported]
2023-05-18T20:57:23.952+03:00  WARN 16684 --- [http-nio-8080-exec-6] .w.s.m.s.DefaultHandlerExceptionResolver : Resolved [org.springframework.web.HttpRequestMethodNotSupportedException: Request method 'POST' is not supported]
2023-05-18T21:08:50.265+03:00  WARN 16684 --- [http-nio-8080-exec-1] .w.s.m.s.DefaultHandlerExceptionResolver : Resolved [org.springframework.web.HttpRequestMethodNotSupportedException: Request method 'POST' is not supported]
2023-05-18T21:12:35.960+03:00  INFO 16684 --- [SpringApplicationShutdownHook] j.LocalContainerEntityManagerFactoryBean : Closing JPA EntityManagerFactory for persistence unit 'default'
2023-05-18T21:12:35.963+03:00  INFO 16684 --- [SpringApplicationShutdownHook] com.zaxxer.hikari.HikariDataSource       : HikariPool-1 - Shutdown initiated...
2023-05-18T21:12:35.970+03:00  INFO 16684 --- [SpringApplicationShutdownHook] com.zaxxer.hikari.HikariDataSource       : HikariPool-1 - Shutdown completed.
2023-05-18T21:12:40.774+03:00  INFO 10852 --- [main] c.e.C.CrudMvcSpringBootApplication       : Starting CrudMvcSpringBootApplication using Java 20.0.1 with PID 10852 (C:\Users\Fomich\IdeaProjects\CrudMvcSpringBoot\target\classes started by Fomich in C:\Users\Fomich\IdeaProjects\CrudMvcSpringBoot)
2023-05-18T21:12:40.778+03:00  INFO 10852 --- [main] c.e.C.CrudMvcSpringBootApplication       : No active profile set, falling back to 1 default profile: "default"
2023-05-18T21:12:41.393+03:00  INFO 10852 --- [main] .s.d.r.c.RepositoryConfigurationDelegate : Bootstrapping Spring Data JPA repositories in DEFAULT mode.
2023-05-18T21:12:41.415+03:00  INFO 10852 --- [main] .s.d.r.c.RepositoryConfigurationDelegate : Finished Spring Data repository scanning in 15 ms. Found 0 JPA repository interfaces.
2023-05-18T21:12:41.918+03:00  INFO 10852 --- [main] o.s.b.w.embedded.tomcat.TomcatWebServer  : Tomcat initialized with port(s): 8080 (http)
2023-05-18T21:12:41.927+03:00  INFO 10852 --- [main] o.apache.catalina.core.StandardService   : Starting service [Tomcat]
2023-05-18T21:12:41.928+03:00  INFO 10852 --- [main] o.apache.catalina.core.StandardEngine    : Starting Servlet engine: [Apache Tomcat/10.1.8]
2023-05-18T21:12:42.031+03:00  INFO 10852 --- [main] o.a.c.c.C.[Tomcat].[localhost].[/]       : Initializing Spring embedded WebApplicationContext
2023-05-18T21:12:42.032+03:00  INFO 10852 --- [main] w.s.c.ServletWebServerApplicationContext : Root WebApplicationContext: initialization completed in 1204 ms
2023-05-18T21:12:42.198+03:00  INFO 10852 --- [main] o.hibernate.jpa.internal.util.LogHelper  : HHH000204: Processing PersistenceUnitInfo [name: default]
2023-05-18T21:12:42.247+03:00  INFO 10852 --- [main] org.hibernate.Version                    : HHH000412: Hibernate ORM core version 6.1.7.Final
2023-05-18T21:12:42.550+03:00  INFO 10852 --- [main] com.zaxxer.hikari.HikariDataSource       : HikariPool-1 - Starting...
2023-05-18T21:12:42.907+03:00  INFO 10852 --- [main] com.zaxxer.hikari.pool.HikariPool        : HikariPool-1 - Added connection com.mysql.cj.jdbc.ConnectionImpl@7ad889be
2023-05-18T21:12:42.909+03:00  INFO 10852 --- [main] com.zaxxer.hikari.HikariDataSource       : HikariPool-1 - Start completed.
2023-05-18T21:12:42.968+03:00  INFO 10852 --- [main] SQL dialect                              : HHH000400: Using dialect: org.hibernate.dialect.MySQLDialect
2023-05-18T21:12:43.766+03:00  INFO 10852 --- [main] o.h.e.t.j.p.i.JtaPlatformInitiator       : HHH000490: Using JtaPlatform implementation: [org.hibernate.engine.transaction.jta.platform.internal.NoJtaPlatform]
2023-05-18T21:12:43.778+03:00  INFO 10852 --- [main] j.LocalContainerEntityManagerFactoryBean : Initialized JPA EntityManagerFactory for persistence unit 'default'
2023-05-18T21:12:44.262+03:00  INFO 10852 --- [main] o.s.b.w.embedded.tomcat.TomcatWebServer  : Tomcat started on port(s): 8080 (http) with context path ''
2023-05-18T21:12:44.272+03:00  INFO 10852 --- [main] c.e.C.CrudMvcSpringBootApplication       : Started CrudMvcSpringBootApplication in 3.977 seconds (process running for 4.63)
2023-05-18T21:13:04.871+03:00  INFO 10852 --- [http-nio-8080-exec-1] o.a.c.c.C.[Tomcat].[localhost].[/]       : Initializing Spring DispatcherServlet 'dispatcherServlet'
2023-05-18T21:13:04.873+03:00  INFO 10852 --- [http-nio-8080-exec-1] o.s.web.servlet.DispatcherServlet        : Initializing Servlet 'dispatcherServlet'
2023-05-18T21:13:04.874+03:00  INFO 10852 --- [http-nio-8080-exec-1] o.s.web.servlet.DispatcherServlet        : Completed initialization in 1 ms
2023-05-18T21:13:26.432+03:00  INFO 10852 --- [SpringApplicationShutdownHook] j.LocalContainerEntityManagerFactoryBean : Closing JPA EntityManagerFactory for persistence unit 'default'
2023-05-18T21:13:26.434+03:00  INFO 10852 --- [SpringApplicationShutdownHook] com.zaxxer.hikari.HikariDataSource       : HikariPool-1 - Shutdown initiated...
2023-05-18T21:13:26.439+03:00  INFO 10852 --- [SpringApplicationShutdownHook] com.zaxxer.hikari.HikariDataSource       : HikariPool-1 - Shutdown completed.
